<?xml version="1.0" encoding="UTF-8"?>
<!-- Generated by org.testng.reporters.JUnitReportReporter -->
<testsuite hostname="DESKTOP-41Q2H5G" failures="0" tests="1" name="com.automation.selenium.TestNG.TestNgDemo" time="8.523" errors="0" timestamp="16 Apr 2021 12:47:14 GMT">
  <testcase classname="com.automation.selenium.TestNG.TestNgDemo" name="loginTest" time="8.523"/>
</testsuite> <!-- com.automation.selenium.TestNG.TestNgDemo -->
