<?xml version="1.0" encoding="UTF-8"?>
<!-- Generated by org.testng.reporters.JUnitReportReporter -->
<testsuite hostname="DESKTOP-41Q2H5G" failures="0" tests="3" name="com.automation.selenium.TestNG.ParametersDemo" time="0.023" errors="0" timestamp="8 Apr 2021 11:36:43 GMT">
  <testcase classname="com.automation.selenium.TestNG.ParametersDemo" name="show" time="0.021"/>
  <testcase classname="com.automation.selenium.TestNG.ParametersDemo" name="show" time="0.001"/>
  <testcase classname="com.automation.selenium.TestNG.ParametersDemo" name="show" time="0.001"/>
</testsuite> <!-- com.automation.selenium.TestNG.ParametersDemo -->
