<?xml version="1.0" encoding="UTF-8"?>
<!-- Generated by org.testng.reporters.JUnitReportReporter -->
<testsuite hostname="DESKTOP-41Q2H5G" failures="0" tests="2" name="com.automation.selenium.annotations.TestNGAnnotation" time="0.006" errors="0" timestamp="6 Apr 2021 10:44:27 GMT">
  <testcase classname="com.automation.selenium.annotations.TestNGAnnotation" name="testCase2" time="0.001"/>
  <testcase classname="com.automation.selenium.annotations.TestNGAnnotation" name="testCase1" time="0.005"/>
</testsuite> <!-- com.automation.selenium.annotations.TestNGAnnotation -->
