<?xml version="1.0" encoding="UTF-8"?>
<!-- Generated by org.testng.reporters.JUnitReportReporter -->
<testsuite hostname="DESKTOP-41Q2H5G" failures="0" tests="2" name="com.automation.selenium.TestNG.Demo" time="0.008" errors="0" timestamp="8 Apr 2021 11:48:37 GMT">
  <testcase classname="com.automation.selenium.TestNG.Demo" name="job" time="0.000"/>
  <testcase classname="com.automation.selenium.TestNG.Demo" name="display" time="0.008"/>
</testsuite> <!-- com.automation.selenium.TestNG.Demo -->
