<?xml version="1.0" encoding="UTF-8"?>
<!-- Generated by org.testng.reporters.JUnitReportReporter -->
<testsuite hostname="DESKTOP-SVSARQ3" failures="0" tests="3" name="com.automation.selenium.TestNG.TestNG" time="1.914" errors="0" timestamp="11 Mar 2021 06:01:26 GMT">
  <testcase classname="com.automation.selenium.TestNG.TestNG" name="job" time="0.003"/>
  <testcase classname="com.automation.selenium.TestNG.TestNG" name="practice" time="0.004"/>
  <testcase classname="com.automation.selenium.TestNG.TestNG" name="loginTest" time="1.907"/>
</testsuite> <!-- com.automation.selenium.TestNG.TestNG -->
