<?xml version="1.0" encoding="UTF-8"?>
<!-- Generated by org.testng.reporters.JUnitReportReporter -->
<testsuite hostname="DESKTOP-41Q2H5G" failures="0" tests="1" name="com.automation.selenium.basics.Scrolling" time="14.134" errors="0" timestamp="17 Apr 2021 11:46:54 GMT">
  <testcase classname="com.automation.selenium.basics.Scrolling" name="testScript" time="14.134"/>
</testsuite> <!-- com.automation.selenium.basics.Scrolling -->
